0 info it worked if it ends with ok
1 verbose cli [ '/usr/local/bin/node',
1 verbose cli   '/usr/local/bin/npm',
1 verbose cli   'install',
1 verbose cli   '-g',
1 verbose cli   'yarn' ]
2 info using npm@2.14.20
3 info using node@v4.4.1
4 verbose install initial load of /usr/local/lib/package.json
5 verbose readDependencies loading dependencies from /usr/local/lib/package.json
6 silly cache add args [ 'yarn', null ]
7 verbose cache add spec yarn
8 silly cache add parsed spec Result {
8 silly cache add   raw: 'yarn',
8 silly cache add   scope: null,
8 silly cache add   name: 'yarn',
8 silly cache add   rawSpec: '',
8 silly cache add   spec: 'latest',
8 silly cache add   type: 'tag' }
9 silly addNamed yarn@latest
10 verbose addNamed "latest" is being treated as a dist-tag for yarn
11 info addNameTag [ 'yarn', 'latest' ]
12 silly mapToRegistry name yarn
13 silly mapToRegistry using default registry
14 silly mapToRegistry registry https://registry.npmjs.org/
15 silly mapToRegistry uri https://registry.npmjs.org/yarn
16 verbose addNameTag registry:https://registry.npmjs.org/yarn not in flight; fetching
17 verbose request uri https://registry.npmjs.org/yarn
18 verbose request no auth needed
19 info attempt registry request try #1 at 9:49:50 AM
20 verbose request id e83f9202ef9f482a
21 http request GET https://registry.npmjs.org/yarn
22 http 200 https://registry.npmjs.org/yarn
23 verbose headers { server: 'nginx/1.10.1',
23 verbose headers   'content-type': 'application/json',
23 verbose headers   'last-modified': 'Tue, 04 Jul 2017 16:43:54 GMT',
23 verbose headers   etag: 'W/"595bc5ca-2f5de"',
23 verbose headers   'content-encoding': 'gzip',
23 verbose headers   'cache-control': 'max-age=300',
23 verbose headers   'content-length': '10789',
23 verbose headers   'accept-ranges': 'bytes',
23 verbose headers   date: 'Thu, 06 Jul 2017 16:49:51 GMT',
23 verbose headers   via: '1.1 varnish',
23 verbose headers   age: '117',
23 verbose headers   connection: 'keep-alive',
23 verbose headers   'x-served-by': 'cache-dfw1832-DFW',
23 verbose headers   'x-cache': 'HIT',
23 verbose headers   'x-cache-hits': '1',
23 verbose headers   'x-timer': 'S1499359792.644504,VS0,VE0',
23 verbose headers   vary: 'Accept-Encoding' }
24 silly get cb [ 200,
24 silly get   { server: 'nginx/1.10.1',
24 silly get     'content-type': 'application/json',
24 silly get     'last-modified': 'Tue, 04 Jul 2017 16:43:54 GMT',
24 silly get     etag: 'W/"595bc5ca-2f5de"',
24 silly get     'content-encoding': 'gzip',
24 silly get     'cache-control': 'max-age=300',
24 silly get     'content-length': '10789',
24 silly get     'accept-ranges': 'bytes',
24 silly get     date: 'Thu, 06 Jul 2017 16:49:51 GMT',
24 silly get     via: '1.1 varnish',
24 silly get     age: '117',
24 silly get     connection: 'keep-alive',
24 silly get     'x-served-by': 'cache-dfw1832-DFW',
24 silly get     'x-cache': 'HIT',
24 silly get     'x-cache-hits': '1',
24 silly get     'x-timer': 'S1499359792.644504,VS0,VE0',
24 silly get     vary: 'Accept-Encoding' } ]
25 verbose get saving yarn to /Users/geoffguidetti/.npm/registry.npmjs.org/yarn/.cache.json
26 verbose correctMkdir /Users/geoffguidetti/.npm correctMkdir not in flight; initializing
27 silly addNameTag next cb for yarn with tag latest
28 silly addNamed yarn@0.27.5
29 verbose addNamed "0.27.5" is a plain semver version for yarn
30 silly mapToRegistry name yarn
31 silly mapToRegistry using default registry
32 silly mapToRegistry registry https://registry.npmjs.org/
33 silly mapToRegistry uri https://registry.npmjs.org/yarn
34 verbose addRemoteTarball https://registry.npmjs.org/yarn/-/yarn-0.27.5.tgz not in flight; adding
35 verbose addRemoteTarball [ 'https://registry.npmjs.org/yarn/-/yarn-0.27.5.tgz',
35 verbose addRemoteTarball   '06fe67d8040802993f9f1e1923d671cbf9ead5d1' ]
36 info retry fetch attempt 1 at 9:49:51 AM
37 info attempt registry request try #1 at 9:49:51 AM
38 http fetch GET https://registry.npmjs.org/yarn/-/yarn-0.27.5.tgz
39 http fetch 200 https://registry.npmjs.org/yarn/-/yarn-0.27.5.tgz
40 silly fetchAndShaCheck shasum 06fe67d8040802993f9f1e1923d671cbf9ead5d1
41 verbose addTmpTarball /var/folders/md/pzxt6cps6y33mzn7fjsxd1y80000gn/T/npm-6052-92c3dd27/registry.npmjs.org/yarn/-/yarn-0.27.5.tgz not in flight; adding
42 verbose addTmpTarball already have metadata; skipping unpack for yarn@0.27.5
43 verbose correctMkdir /Users/geoffguidetti/.npm correctMkdir not in flight; initializing
44 silly cache afterAdd yarn@0.27.5
45 verbose afterAdd /Users/geoffguidetti/.npm/yarn/0.27.5/package/package.json not in flight; writing
46 verbose correctMkdir /Users/geoffguidetti/.npm correctMkdir not in flight; initializing
47 verbose afterAdd /Users/geoffguidetti/.npm/yarn/0.27.5/package/package.json written
48 silly install resolved [ { name: 'yarn',
48 silly install resolved     installationMethod: 'npm',
48 silly install resolved     version: '0.27.5',
48 silly install resolved     license: 'BSD-2-Clause',
48 silly install resolved     preferGlobal: true,
48 silly install resolved     description: 'ðŸ“¦ðŸˆ Fast, reliable, and secure dependency management.',
48 silly install resolved     dependencies:
48 silly install resolved      { 'babel-runtime': '^6.0.0',
48 silly install resolved        bytes: '^2.4.0',
48 silly install resolved        camelcase: '^4.0.0',
48 silly install resolved        chalk: '^1.1.1',
48 silly install resolved        'cmd-shim': '^2.0.1',
48 silly install resolved        commander: '^2.9.0',
48 silly install resolved        death: '^1.0.0',
48 silly install resolved        debug: '^2.2.0',
48 silly install resolved        'detect-indent': '^5.0.0',
48 silly install resolved        glob: '^7.1.1',
48 silly install resolved        'gunzip-maybe': '^1.4.0',
48 silly install resolved        ini: '^1.3.4',
48 silly install resolved        inquirer: '^3.0.1',
48 silly install resolved        invariant: '^2.2.0',
48 silly install resolved        'is-builtin-module': '^1.0.0',
48 silly install resolved        'is-ci': '^1.0.10',
48 silly install resolved        leven: '^2.0.0',
48 silly install resolved        'loud-rejection': '^1.2.0',
48 silly install resolved        micromatch: '^2.3.11',
48 silly install resolved        mkdirp: '^0.5.1',
48 silly install resolved        'node-emoji': '^1.0.4',
48 silly install resolved        'object-path': '^0.11.2',
48 silly install resolved        'proper-lockfile': '^2.0.0',
48 silly install resolved        read: '^1.0.7',
48 silly install resolved        request: '^2.81.0',
48 silly install resolved        'request-capture-har': '^1.2.2',
48 silly install resolved        rimraf: '^2.5.0',
48 silly install resolved        semver: '^5.1.0',
48 silly install resolved        'strip-bom': '^3.0.0',
48 silly install resolved        'tar-fs': '^1.15.1',
48 silly install resolved        'tar-stream': '^1.5.2',
48 silly install resolved        uuid: '^3.0.1',
48 silly install resolved        'v8-compile-cache': '^1.1.0',
48 silly install resolved        'validate-npm-package-license': '^3.0.1' },
48 silly install resolved     devDependencies:
48 silly install resolved      { 'babel-core': '^6.24.1',
48 silly install resolved        'babel-eslint': '^6.1.2',
48 silly install resolved        'babel-jest': '^19.0.0',
48 silly install resolved        'babel-loader': '^6.2.5',
48 silly install resolved        'babel-plugin-array-includes': '^2.0.3',
48 silly install resolved        'babel-plugin-transform-es2015-typeof-symbol': '^6.8.0',
48 silly install resolved        'babel-plugin-transform-inline-imports-commonjs': '^1.0.0',
48 silly install resolved        'babel-plugin-transform-runtime': '^6.4.3',
48 silly install resolved        'babel-preset-es2015-node4': '^2.1.0',
48 silly install resolved        'babel-preset-node5': '^10.2.0',
48 silly install resolved        'babel-preset-stage-0': '^6.0.0',
48 silly install resolved        babylon: '^6.5.0',
48 silly install resolved        eslint: '^3.19.0',
48 silly install resolved        'eslint-config-fb-strict': '^20.0.1',
48 silly install resolved        'eslint-plugin-babel': '^3.3.0',
48 silly install resolved        'eslint-plugin-flowtype': '^2.32.1',
48 silly install resolved        'eslint-plugin-react': '^6.7.1',
48 silly install resolved        'eslint-plugin-yarn-internal': 'file:scripts/eslint-rules',
48 silly install resolved        'flow-bin': '^0.48.0',
48 silly install resolved        gulp: '^3.9.0',
48 silly install resolved        'gulp-babel': '^6.0.0',
48 silly install resolved        'gulp-if': '^2.0.1',
48 silly install resolved        'gulp-newer': '^1.0.0',
48 silly install resolved        'gulp-plumber': '^1.0.1',
48 silly install resolved        'gulp-sourcemaps': '^2.2.0',
48 silly install resolved        'gulp-util': '^3.0.7',
48 silly install resolved        'gulp-watch': '^4.3.5',
48 silly install resolved        jest: '^19.0.2',
48 silly install resolved        'mock-stdin': '^0.3.0',
48 silly install resolved        prettier: '^1.3.1',
48 silly install resolved        temp: '^0.8.3',
48 silly install resolved        webpack: '^2.1.0-beta.25',
48 silly install resolved        yargs: '^6.3.0' },
48 silly install resolved     engines: { node: '>=4.0.0' },
48 silly install resolved     repository: { type: 'git', url: 'git+https://github.com/yarnpkg/yarn.git' },
48 silly install resolved     bin: { yarn: './bin/yarn.js', yarnpkg: './bin/yarn.js' },
48 silly install resolved     scripts:
48 silly install resolved      { build: 'gulp build',
48 silly install resolved        'build-bundle': 'node ./scripts/build-webpack.js',
48 silly install resolved        'build-chocolatey': 'powershell ./scripts/build-chocolatey.ps1',
48 silly install resolved        'build-deb': './scripts/build-deb.sh',
48 silly install resolved        'build-dist': 'bash ./scripts/build-dist.sh',
48 silly install resolved        'build-win-installer': 'scripts\\build-windows-installer.bat',
48 silly install resolved        'check-lockfile': './scripts/check-lockfile.sh',
48 silly install resolved        lint: 'yarn run lint-prettier && eslint . && flow check',
48 silly install resolved        'lint-prettier': 'node scripts/prettier.js lint',
48 silly install resolved        prettier: 'node scripts/prettier.js write',
48 silly install resolved        'release-branch': './scripts/release-branch.sh',
48 silly install resolved        test: 'yarn lint && yarn test-only',
48 silly install resolved        'test-ci': 'yarn build && yarn test-only',
48 silly install resolved        'test-only': 'jest --coverage --verbose',
48 silly install resolved        watch: 'gulp watch' },
48 silly install resolved     jest:
48 silly install resolved      { collectCoverageFrom: [Object],
48 silly install resolved        timers: 'fake',
48 silly install resolved        testEnvironment: 'node',
48 silly install resolved        modulePathIgnorePatterns: [Object],
48 silly install resolved        testPathIgnorePatterns: [Object] },
48 silly install resolved     bugs: { url: 'https://github.com/yarnpkg/yarn/issues' },
48 silly install resolved     homepage: 'https://github.com/yarnpkg/yarn#readme',
48 silly install resolved     _id: 'yarn@0.27.5',
48 silly install resolved     _shasum: '06fe67d8040802993f9f1e1923d671cbf9ead5d1',
48 silly install resolved     _from: 'yarn@latest',
48 silly install resolved     _npmVersion: '3.10.10',
48 silly install resolved     _nodeVersion: '6.11.0',
48 silly install resolved     _npmUser: { name: 'sebmck', email: 'sebmck@gmail.com' },
48 silly install resolved     dist:
48 silly install resolved      { shasum: '06fe67d8040802993f9f1e1923d671cbf9ead5d1',
48 silly install resolved        tarball: 'https://registry.npmjs.org/yarn/-/yarn-0.27.5.tgz' },
48 silly install resolved     maintainers: [ [Object] ],
48 silly install resolved     _npmOperationalInternal:
48 silly install resolved      { host: 's3://npm-registry-packages',
48 silly install resolved        tmp: 'tmp/yarn-0.27.5.tgz_1498865357213_0.4579001765232533' },
48 silly install resolved     directories: {},
48 silly install resolved     _resolved: 'https://registry.npmjs.org/yarn/-/yarn-0.27.5.tgz' } ]
49 info install yarn@0.27.5 into /usr/local/lib
50 info installOne yarn@0.27.5
51 verbose installOne of yarn to /usr/local/lib not in flight; installing
52 verbose correctMkdir /Users/geoffguidetti/.npm/_locks correctMkdir not in flight; initializing
53 verbose lock using /Users/geoffguidetti/.npm/_locks/yarn-27fadec71f272279.lock for /usr/local/lib/node_modules/yarn
54 silly install write writing yarn 0.27.5 to /usr/local/lib/node_modules/yarn
55 verbose unbuild lib/node_modules/yarn
56 silly gentlyRm /usr/local/lib/node_modules/yarn is being purged from base /usr/local
57 verbose gentlyRm don't care about contents; nuking /usr/local/lib/node_modules/yarn
58 verbose tar unpack /Users/geoffguidetti/.npm/yarn/0.27.5/package.tgz
59 verbose tar unpacking to /usr/local/lib/node_modules/yarn
60 silly gentlyRm /usr/local/lib/node_modules/yarn is being purged
61 verbose gentlyRm don't care about contents; nuking /usr/local/lib/node_modules/yarn
62 silly gunzTarPerm modes [ '755', '644' ]
63 error tar.unpack untar error /Users/geoffguidetti/.npm/yarn/0.27.5/package.tgz
64 verbose unlock done using /Users/geoffguidetti/.npm/_locks/yarn-27fadec71f272279.lock for /usr/local/lib/node_modules/yarn
65 verbose fstream_path /usr/local/lib/node_modules/yarn
66 verbose fstream_type Directory
67 verbose fstream_class DirWriter
68 verbose stack Error: EACCES: permission denied, mkdir '/usr/local/lib/node_modules/yarn'
68 verbose stack     at Error (native)
69 verbose fstream_stack /usr/local/lib/node_modules/npm/node_modules/fstream/lib/dir-writer.js:35:25
69 verbose fstream_stack /usr/local/lib/node_modules/npm/node_modules/mkdirp/index.js:47:53
69 verbose fstream_stack FSReqWrap.oncomplete (fs.js:82:15)
70 verbose cwd /Users/geoffguidetti/Documents/Git/devportfolio-template
71 error Darwin 14.5.0
72 error argv "/usr/local/bin/node" "/usr/local/bin/npm" "install" "-g" "yarn"
73 error node v4.4.1
74 error npm  v2.14.20
75 error path /usr/local/lib/node_modules/yarn
76 error code EACCES
77 error errno -13
78 error syscall mkdir
79 error Error: EACCES: permission denied, mkdir '/usr/local/lib/node_modules/yarn'
79 error     at Error (native)
79 error  { [Error: EACCES: permission denied, mkdir '/usr/local/lib/node_modules/yarn']
79 error   errno: -13,
79 error   code: 'EACCES',
79 error   syscall: 'mkdir',
79 error   path: '/usr/local/lib/node_modules/yarn',
79 error   fstream_type: 'Directory',
79 error   fstream_path: '/usr/local/lib/node_modules/yarn',
79 error   fstream_class: 'DirWriter',
79 error   fstream_stack:
79 error    [ '/usr/local/lib/node_modules/npm/node_modules/fstream/lib/dir-writer.js:35:25',
79 error      '/usr/local/lib/node_modules/npm/node_modules/mkdirp/index.js:47:53',
79 error      'FSReqWrap.oncomplete (fs.js:82:15)' ] }
80 error Please try running this command again as root/Administrator.
81 verbose exit [ -13, true ]
82 verbose unbuild lib/node_modules/yarn
83 silly gentlyRm /usr/local/lib/node_modules/yarn is being purged from base /usr/local
84 verbose gentlyRm don't care about contents; nuking /usr/local/lib/node_modules/yarn
